
ROM used:   1548/32768 (5%)
            1548/32768 (5%) including unused fragments

            1.8 Average locations per line
            46.9 Average locations per statement

RAM used:   12/2048 (1%) at main() level
            64/2048 (3%) worst case

Stack used: 1 worst case (1 in main + 0 for interrupts)
Stack size: 31

Lines Stmts  %   Files
----- ----- ---  -----
   28     9  27  main.c
   62    24  73  main.h
  775     0   0  ..\..\..\..\..\Program Files (x86)\PICC\Devices\18F2550.h
----- -----
  865    33 Total

Page ROM  %  RAM    Vol Diff  Functions:
---- --- --- ---    --- ----  ----------
0     42   1    1             @delay_ms1
0     26   1    0             @const633
0     26   1    0             @const636
0     20   1    0             @const639
0     70   2    3    240  4.3  muestra
0    266   9   32    805  6.8  convertirdato
0     56   2    4             @SFTOI
0    244   8   11             @MULFF
0     56   2    2             @ITOF
0    620  20   16             @ADDFF
0     40   1    3             @DIV88
0     78   3    0    160  2.7  MAIN
 Inline         0             @cinit1

Program metrics:
    Functions               3
    Statements              33
    Comments                149
    Volume (V)              1516
    Difficulty (D)          12.7
    Effort to implement (E) 19316
    Time to implement (T)   18 minutes
    Est Delivered Bugs (B)  0
    Cyclomatic Complexity   1
    Maintainability (MI)    50

 Segment     Used  Free
-----------  ----  ----
00000-00002     4  0  
00004-07FFE  1544  31220  



