Compiling P:\wamp64\www\Proyecto-TD2\Proteus\Pic\desde-cero\Pruebas\pic\main on 28-sep.-21 at 22:36
>>> Warning 235 "main.c" Line 1(14,20): Unknown Pragma
>>> Warning 235 "main.c" Line 2(15,21): Unknown Pragma
>>> Warning 235 "main.c" Line 3(15,21): Unknown Pragma
>>> Warning 235 "main.c" Line 6(15,21): Unknown Pragma
>>> Warning 235 "main.c" Line 7(15,21): Unknown Pragma
>>> Warning 235 "main.c" Line 8(15,21): Unknown Pragma
>>> Warning 235 "main.c" Line 11(15,21): Unknown Pragma
>>> Warning 235 "main.c" Line 12(15,21): Unknown Pragma
>>> Warning 235 "main.c" Line 13(15,21): Unknown Pragma
>>> Warning 235 "main.c" Line 14(15,21): Unknown Pragma
>>> Warning 235 "main.c" Line 17(15,21): Unknown Pragma
>>> Warning 235 "main.c" Line 18(15,21): Unknown Pragma
>>> Warning 235 "main.c" Line 21(15,21): Unknown Pragma
>>> Warning 235 "main.c" Line 22(15,21): Unknown Pragma
>>> Warning 235 "main.c" Line 23(15,21): Unknown Pragma
>>> Warning 235 "main.c" Line 24(15,21): Unknown Pragma
>>> Warning 235 "main.c" Line 27(15,21): Unknown Pragma
>>> Warning 235 "main.c" Line 28(15,21): Unknown Pragma
>>> Warning 235 "main.c" Line 29(15,21): Unknown Pragma
>>> Warning 235 "main.c" Line 30(15,21): Unknown Pragma
>>> Warning 235 "main.c" Line 33(15,21): Unknown Pragma
>>> Warning 235 "main.c" Line 34(15,21): Unknown Pragma
>>> Warning 235 "main.c" Line 35(15,21): Unknown Pragma
>>> Warning 235 "main.c" Line 36(15,21): Unknown Pragma
>>> Warning 235 "main.c" Line 39(15,21): Unknown Pragma
>>> Warning 235 "main.c" Line 40(15,21): Unknown Pragma
>>> Warning 235 "main.c" Line 43(15,21): Unknown Pragma
>>> Warning 235 "main.c" Line 44(15,21): Unknown Pragma
>>> Warning 235 "main.c" Line 45(15,21): Unknown Pragma
>>> Warning 235 "main.c" Line 46(15,21): Unknown Pragma
>>> Warning 235 "main.c" Line 49(15,21): Unknown Pragma
>>> Warning 235 "main.c" Line 50(15,21): Unknown Pragma
>>> Warning 235 "main.c" Line 51(15,21): Unknown Pragma
>>> Warning 235 "main.c" Line 54(15,21): Unknown Pragma
>>> Warning 235 "main.c" Line 55(15,21): Unknown Pragma
>>> Warning 235 "main.c" Line 56(15,21): Unknown Pragma
>>> Warning 235 "main.c" Line 57(15,21): Unknown Pragma
>>> Warning 235 "main.c" Line 60(15,21): Unknown Pragma
*** Error 128 "P:\Program Files (x86)\PICC\Drivers\string.h" Line 26(2,7): A #DEVICE required before this line
      1 Errors,  38 Warnings.
Build Failed.
