
ROM used:   1596/32768 (5%)
            1596/32768 (5%) including unused fragments

            1.8 Average locations per line
            44.3 Average locations per statement

RAM used:   12/2048 (1%) at main() level
            64/2048 (3%) worst case

Stack used: 1 worst case (1 in main + 0 for interrupts)
Stack size: 31

Lines Stmts  %   Files
----- ----- ---  -----
   38    12  33  main.c
   64    24  67  main.h
  775     0   0  ..\..\..\..\..\Program Files (x86)\PICC\Devices\18F2550.h
----- -----
  877    36 Total

Page ROM  %  RAM    Vol Diff  Functions:
---- --- --- ---    --- ----  ----------
0     40   1    1             @delay_ms1
0     26   1    0             @const633
0     26   1    0             @const636
0     20   1    0             @const639
0     70   2    3    240  4.3  muestra
0    266   8   32    805  6.8  convertirdato
0     56   2    4             @SFTOI
0    244   8   11             @MULFF
0     56   2    2             @ITOF
0    618  19   16             @ADDFF
0     40   1    3             @DIV88
0    130   4    0    247  3.1  MAIN
 Inline         0    551  4.1  @cinit1

Program metrics:
    Functions               4
    Statements              36
    Comments                162
    Volume (V)              2465
    Difficulty (D)          17.4
    Effort to implement (E) 42911
    Time to implement (T)   40 minutes
    Est Delivered Bugs (B)  0
    Cyclomatic Complexity   1
    Maintainability (MI)    81

 Segment     Used  Free
-----------  ----  ----
00000-00002     4  0  
00004-07FFE  1592  31172  



