
ROM used:   1540/32768 (5%)
            1540/32768 (5%) including unused fragments

            1.2 Average locations per line
            14.4 Average locations per statement

RAM used:   8/2048 (0%) at main() level
            34/2048 (2%) worst case

Stack used: 4 worst case (4 in main + 0 for interrupts)
Stack size: 31

Lines Stmts  %   Files
----- ----- ---  -----
   35     7   7  main.c
  789     0   0  ..\..\..\..\..\..\..\..\..\Program Files (x86)\PICC\Devices\18F2550.h
  456   100  93  ..\..\..\..\..\..\..\..\..\Program Files (x86)\PICC\Drivers\lcd.c
----- -----
 1280   107 Total

Page ROM  %  RAM    Vol Diff  Functions:
---- --- --- ---    --- ----  ----------
0     40   1    1             @delay_ms1
0     74   2    3    760  4.5  lcd_read_byte
0     82   3    2    262  3.7  lcd_read_nibble
0     62   2    1    399  2.4  lcd_send_nibble
0     70   2    3    415  3.7  lcd_send_byte
0    124   4    6    852  6.2  lcd_init
0     34   1    4    208  6.3  lcd_gotoxy
0     80   3    1    354  4.7  lcd_putc
0     96   3    4    147  2.3  MAIN
0     14   0    0    333  7.0  @const694
0     32   1    3    305  6.5  @PSTRINGCN_678
0    244   8   11    219  5.8  @MULFF
0     64   2    5    365  8.1  @FTOSD
0    142   5   13    336  7.1  @DIV3232
0    378  12   13    140  5.0  @PRINTF_L32D_678FPFPF
 Inline         0    516  8.6  @cinit1

Program metrics:
    Functions               15
    Statements              107
    Comments                256
    Volume (V)              9507
    Difficulty (D)          80.4
    Effort to implement (E) 764369
    Time to implement (T)   11 hours, 48 minutes
    Est Delivered Bugs (B)  3
    Cyclomatic Complexity   26
    Maintainability (MI)    111

 Segment     Used  Free
-----------  ----  ----
00000-00002     4  0  
00004-07FFE  1536  31228  



