
ROM used:   583/8192 (7%)
            583/8192 (7%) including unused fragments

            0.5 Average locations per line
            5.6 Average locations per statement

RAM used:   20/368 (5%) at main() level
            46/368 (12%) worst case

Stack used: 9 worst case (4 in main + 5 for interrupts)
Stack size: 8

Lines Stmts  %   Files
----- ----- ---  -----
   45    21  20  2PIC_2.c
  769     0   0  ..\..\..\..\..\..\..\Program Files (x86)\PICC\Devices\16f887.h
  456    84  80  ..\..\..\..\..\..\..\Program Files (x86)\PICC\Drivers\lcd.c
----- -----
 1270   105 Total

Page ROM  %  RAM    Vol Diff  Functions:
---- --- --- ---    --- ----  ----------
0     21   4    1             @delay_ms1
 Inline         3    596  5.9  lcd_read_byte
 Inline         0     59  4.2  lcd_read_nibble
 Inline         1    179  3.3  lcd_send_nibble
0     93  16    3    460  4.7  lcd_send_byte
0    106  18    6    814  7.2  lcd_init
0     18   3    4    208  6.3  lcd_gotoxy
0     44   8    1    354  4.7  lcd_putc
0     34   6    0    199  3.4  RDA_isr
0      1   0    0             @const665
0     86  15    4             @PSTRINGC7_649
0      5   1    0             @const667
0     89  15    0    260  3.5  MAIN
0      5   1    0             @const671
 Inline         0             @cinit1

Program metrics:
    Functions               9
    Statements              105
    Comments                242
    Volume (V)              4866
    Difficulty (D)          41.8
    Effort to implement (E) 203535
    Time to implement (T)   3 hours, 8 minutes
    Est Delivered Bugs (B)  1
    Cyclomatic Complexity   11
    Maintainability (MI)    147

 Segment     Used  Free
-----------  ----  ----
00000-00003     4  0  
00004-00050    77  0  
00051-007FF   502  1465  
00800-00FFF     0  2048  
01000-017FF     0  2048  
01800-01FFF     0  2048  



