
ROM used:   242/8192 (3%)
            242/8192 (3%) including unused fragments

            0.3 Average locations per line
            40.3 Average locations per statement

RAM used:   6/368 (2%) at main() level
            10/368 (3%) worst case

Stack used: 1 worst case (1 in main + 0 for interrupts)
Stack size: 8

Lines Stmts  %   Files
----- ----- ---  -----
   21     6 100  2PIC_1.c
  769     0   0  ..\..\..\..\..\..\..\Program Files (x86)\PICC\Devices\16f887.h
----- -----
  790     6 Total

Page ROM  %  RAM    Vol Diff  Functions:
---- --- --- ---    --- ----  ----------
0     34  14    1             @PUTCHAR_2_
0     39  16    1             @GETCH_2_
0     54  22    1    174  2.5  main
0     23  10    0             @const629
0     88  36    4             @PSTRINGC7_622
 Inline         0             @cinit1

Program metrics:
    Functions               1
    Statements              6
    Comments                133
    Volume (V)              183
    Difficulty (D)          2.0
    Effort to implement (E) 374
    Time to implement (T)   0 minutes
    Est Delivered Bugs (B)  0
    Cyclomatic Complexity   1
    Maintainability (MI)    73

 Segment     Used  Free
-----------  ----  ----
00000-00003     4  0  
00004-007FF   238  1806  
00800-00FFF     0  2048  
01000-017FF     0  2048  
01800-01FFF     0  2048  



