CCS PCM C Compiler, Version 5.025, 61357               01-dic.-21 03:18

               Filename:   P:\wamp64\www\Proyecto-TD2\Proteus\Pruebas\UartVirtual\UartVirtual\2PIC_2.lst

               ROM used:   583 words (7%)
                           Largest free fragment is 2048
               RAM used:   20 (5%) at main() level
                           46 (12%) worst case
               Stack used: 9 locations (4 in main + 5 for interrupts)
               Stack size: 8

*
0000:  MOVLW  01
0001:  MOVWF  0A
0002:  GOTO   1EE
0003:  NOP
0004:  MOVWF  7F
0005:  SWAPF  03,W
0006:  CLRF   03
0007:  MOVWF  21
0008:  MOVF   0A,W
0009:  MOVWF  20
000A:  CLRF   0A
000B:  MOVF   04,W
000C:  MOVWF  22
000D:  MOVF   77,W
000E:  MOVWF  23
000F:  MOVF   78,W
0010:  MOVWF  24
0011:  MOVF   79,W
0012:  MOVWF  25
0013:  MOVF   7A,W
0014:  MOVWF  26
0015:  BSF    03.6
0016:  MOVF   0D,W
0017:  BCF    03.6
0018:  MOVWF  27
0019:  BSF    03.6
001A:  MOVF   0F,W
001B:  BCF    03.6
001C:  MOVWF  28
001D:  BSF    03.6
001E:  MOVF   0C,W
001F:  BCF    03.6
0020:  MOVWF  29
0021:  BSF    03.6
0022:  MOVF   0E,W
0023:  BCF    03.6
0024:  MOVWF  2A
0025:  BCF    03.7
0026:  BCF    03.5
0027:  MOVLW  8C
0028:  MOVWF  04
0029:  BTFSS  00.5
002A:  GOTO   02D
002B:  BTFSC  0C.5
002C:  GOTO   04E
002D:  MOVF   22,W
002E:  MOVWF  04
002F:  MOVF   23,W
0030:  MOVWF  77
0031:  MOVF   24,W
0032:  MOVWF  78
0033:  MOVF   25,W
0034:  MOVWF  79
0035:  MOVF   26,W
0036:  MOVWF  7A
0037:  MOVF   27,W
0038:  BSF    03.6
0039:  MOVWF  0D
003A:  BCF    03.6
003B:  MOVF   28,W
003C:  BSF    03.6
003D:  MOVWF  0F
003E:  BCF    03.6
003F:  MOVF   29,W
0040:  BSF    03.6
0041:  MOVWF  0C
0042:  BCF    03.6
0043:  MOVF   2A,W
0044:  BSF    03.6
0045:  MOVWF  0E
0046:  BCF    03.6
0047:  MOVF   20,W
0048:  MOVWF  0A
0049:  SWAPF  21,W
004A:  MOVWF  03
004B:  SWAPF  7F,F
004C:  SWAPF  7F,W
004D:  RETFIE
004E:  BCF    0A.3
004F:  BCF    0A.4
0050:  GOTO   157
.................... #include <16f887.h> 
.................... //////////// Standard Header file for the PIC16F887 device //////////////// 
.................... /////////////////////////////////////////////////////////////////////////// 
.................... ////        (C) Copyright 1996, 2013 Custom Computer Services          //// 
.................... //// This source code may only be used by licensed users of the CCS C  //// 
.................... //// compiler.  This source code may only be distributed to other      //// 
.................... //// licensed users of the CCS C compiler.  No other use, reproduction //// 
.................... //// or distribution is permitted without written permission.          //// 
.................... //// Derivative programs created using this software in object code    //// 
.................... //// form are not restricted in any way.                               //// 
.................... /////////////////////////////////////////////////////////////////////////// 
.................... #device PIC16F887 
*
0101:  MOVF   0B,W
0102:  MOVWF  3C
0103:  BCF    0B.7
0104:  BSF    03.5
0105:  BSF    03.6
0106:  BSF    0C.7
0107:  BSF    0C.0
0108:  NOP
0109:  NOP
010A:  BCF    03.5
010B:  BCF    03.6
010C:  BTFSC  3C.7
010D:  BSF    0B.7
010E:  BSF    03.6
010F:  MOVF   0C,W
0110:  ANDLW  7F
0111:  BTFSC  03.2
0112:  GOTO   155
0113:  BCF    03.6
0114:  MOVWF  3C
0115:  BSF    03.6
0116:  MOVF   0D,W
0117:  BCF    03.6
0118:  MOVWF  3D
0119:  BSF    03.6
011A:  MOVF   0F,W
011B:  BCF    03.6
011C:  MOVWF  3E
011D:  MOVF   3C,W
011E:  MOVWF  3F
011F:  CALL   0D5
0120:  MOVF   3D,W
0121:  BSF    03.6
0122:  MOVWF  0D
0123:  BCF    03.6
0124:  MOVF   3E,W
0125:  BSF    03.6
0126:  MOVWF  0F
0127:  BCF    03.6
0128:  MOVF   0B,W
0129:  MOVWF  3F
012A:  BCF    0B.7
012B:  BSF    03.5
012C:  BSF    03.6
012D:  BSF    0C.7
012E:  BSF    0C.0
012F:  NOP
0130:  NOP
0131:  BCF    03.5
0132:  BCF    03.6
0133:  BTFSC  3F.7
0134:  BSF    0B.7
0135:  BSF    03.6
0136:  RLF    0C,W
0137:  RLF    0E,W
0138:  ANDLW  7F
0139:  BTFSC  03.2
013A:  GOTO   155
013B:  BCF    03.6
013C:  MOVWF  3C
013D:  BSF    03.6
013E:  MOVF   0D,W
013F:  BCF    03.6
0140:  MOVWF  3D
0141:  BSF    03.6
0142:  MOVF   0F,W
0143:  BCF    03.6
0144:  MOVWF  3E
0145:  MOVF   3C,W
0146:  MOVWF  3F
0147:  CALL   0D5
0148:  MOVF   3D,W
0149:  BSF    03.6
014A:  MOVWF  0D
014B:  BCF    03.6
014C:  MOVF   3E,W
014D:  BSF    03.6
014E:  MOVWF  0F
014F:  INCF   0D,F
0150:  BTFSC  03.2
0151:  INCF   0F,F
0152:  BCF    03.6
0153:  GOTO   101
0154:  BSF    03.6
0155:  BCF    03.6
0156:  RETURN
*
0179:  DATA 0C,00
017A:  DATA D2,32
017B:  DATA E3,34
017C:  DATA E2,34
017D:  DATA E4,37
017E:  DATA 3D,00
017F:  DATA D2,32
0180:  DATA E3,34
0181:  DATA E2,34
0182:  DATA E4,37
0183:  DATA 3D,00
....................  
.................... #list 
....................  
.................... #fuses xt,nowdt 
.................... #use delay(clock=4000000) 
*
00C0:  MOVLW  40
00C1:  MOVWF  04
00C2:  BCF    03.7
00C3:  MOVF   00,W
00C4:  BTFSC  03.2
00C5:  GOTO   0D4
00C6:  MOVLW  01
00C7:  MOVWF  78
00C8:  CLRF   77
00C9:  DECFSZ 77,F
00CA:  GOTO   0C9
00CB:  DECFSZ 78,F
00CC:  GOTO   0C8
00CD:  MOVLW  4A
00CE:  MOVWF  77
00CF:  DECFSZ 77,F
00D0:  GOTO   0CF
00D1:  GOTO   0D2
00D2:  DECFSZ 00,F
00D3:  GOTO   0C6
00D4:  RETURN
.................... #use rs232(baud=57600,xmit=pin_c6,rcv=pin_c7,bits=8) 
.................... #include <lcd.c> 
.................... /////////////////////////////////////////////////////////////////////////////// 
.................... ////                             LCD.C                                     //// 
.................... ////                 Driver for common LCD modules                         //// 
.................... ////                                                                       //// 
.................... ////  lcd_init()   Must be called before any other function.               //// 
.................... ////                                                                       //// 
.................... ////  lcd_putc(c)  Will display c on the next position of the LCD.         //// 
.................... ////                 \a  Set cursor position to upper left                 //// 
.................... ////                 \f  Clear display, set cursor to upper left           //// 
.................... ////                 \n  Go to start of second line                        //// 
.................... ////                 \b  Move back one position                            //// 
.................... ////              If LCD_EXTENDED_NEWLINE is defined, the \n character     //// 
.................... ////              will erase all remanining characters on the current      //// 
.................... ////              line, and move the cursor to the beginning of the next   //// 
.................... ////              line.                                                    //// 
.................... ////              If LCD_EXTENDED_NEWLINE is defined, the \r character     //// 
.................... ////              will move the cursor to the start of the current         //// 
.................... ////              line.                                                    //// 
.................... ////                                                                       //// 
.................... ////  lcd_gotoxy(x,y) Set write position on LCD (upper left is 1,1)        //// 
.................... ////                                                                       //// 
.................... ////  lcd_getc(x,y)   Returns character at position x,y on LCD             //// 
.................... ////                                                                       //// 
.................... ////  lcd_cursor_on(int1 on)   Turn the cursor on (on=TRUE) or off         //// 
.................... ////              (on=FALSE).                                              //// 
.................... ////                                                                       //// 
.................... ////  lcd_set_cgram_char(w, *p)   Write a custom character to the CGRAM.   //// 
.................... ////                                                                       //// 
.................... ////                                                                       //// 
.................... ////  CONFIGURATION                                                        //// 
.................... ////  The LCD can be configured in one of two ways: a.) port access or     //// 
.................... ////  b.) pin access.  Port access requires the entire 7 bit interface     //// 
.................... ////  connected to one GPIO port, and the data bits (D4:D7 of the LCD)     //// 
.................... ////  connected to sequential pins on the GPIO.  Pin access                //// 
.................... ////  has no requirements, all 7 bits of the control interface can         //// 
.................... ////  can be connected to any GPIO using several ports.                    //// 
.................... ////                                                                       //// 
.................... ////  To use port access, #define LCD_DATA_PORT to the SFR location of     //// 
.................... ////  of the GPIO port that holds the interface, -AND- edit LCD_PIN_MAP    //// 
.................... ////  of this file to configure the pin order.  If you are using a         //// 
.................... ////  baseline PIC (PCB), then LCD_OUTPUT_MAP and LCD_INPUT_MAP also must  //// 
.................... ////  be defined.                                                          //// 
.................... ////                                                                       //// 
.................... ////  Example of port access:                                              //// 
.................... ////     #define LCD_DATA_PORT getenv("SFR:PORTD")                         //// 
.................... ////                                                                       //// 
.................... ////  To use pin access, the following pins must be defined:               //// 
.................... ////     LCD_ENABLE_PIN                                                    //// 
.................... ////     LCD_RS_PIN                                                        //// 
.................... ////     LCD_RW_PIN                                                        //// 
.................... ////     LCD_DATA4                                                         //// 
.................... ////     LCD_DATA5                                                         //// 
.................... ////     LCD_DATA6                                                         //// 
.................... ////     LCD_DATA7                                                         //// 
.................... ////                                                                       //// 
.................... ////  Example of pin access:                                               //// 
.................... ////     #define LCD_ENABLE_PIN  PIN_E0                                    //// 
.................... ////     #define LCD_RS_PIN      PIN_E1                                    //// 
.................... ////     #define LCD_RW_PIN      PIN_E2                                    //// 
.................... ////     #define LCD_DATA4       PIN_D4                                    //// 
.................... ////     #define LCD_DATA5       PIN_D5                                    //// 
.................... ////     #define LCD_DATA6       PIN_D6                                    //// 
.................... ////     #define LCD_DATA7       PIN_D7                                    //// 
.................... ////                                                                       //// 
.................... /////////////////////////////////////////////////////////////////////////////// 
.................... ////        (C) Copyright 1996,2010 Custom Computer Services           //// 
.................... //// This source code may only be used by licensed users of the CCS C  //// 
.................... //// compiler.  This source code may only be distributed to other      //// 
.................... //// licensed users of the CCS C compiler.  No other use, reproduction //// 
.................... //// or distribution is permitted without written permission.          //// 
.................... //// Derivative programs created using this software in object code    //// 
.................... //// form are not restricted in any way.                               //// 
.................... /////////////////////////////////////////////////////////////////////////// 
....................  
.................... #ifndef __LCD_C__ 
.................... #define __LCD_C__ 
....................  
.................... // define the pinout. 
.................... // only required if port access is being used. 
.................... typedef struct   
.................... {                            // This structure is overlayed 
....................    int1 enable;           // on to an I/O port to gain 
....................    int1 rs;               // access to the LCD pins. 
....................    int1 rw;               // The bits are allocated from 
....................    int1 unused;           // low order up.  ENABLE will 
....................    unsigned int     data : 4;         // be LSB pin of that port. 
....................   #if defined(__PCD__)       // The port used will be LCD_DATA_PORT. 
....................    unsigned int    reserved: 8; 
....................   #endif 
.................... } LCD_PIN_MAP; 
....................  
.................... // this is to improve compatability with previous LCD drivers that accepted 
.................... // a define labeled 'use_portb_lcd' that configured the LCD onto port B. 
.................... #if ((defined(use_portb_lcd)) && (use_portb_lcd==TRUE)) 
....................  #define LCD_DATA_PORT getenv("SFR:PORTB") 
.................... #endif 
....................  
.................... #if defined(__PCB__) 
....................    // these definitions only need to be modified for baseline PICs. 
....................    // all other PICs use LCD_PIN_MAP or individual LCD_xxx pin definitions. 
.................... /*                                    EN, RS,   RW,   UNUSED,  DATA  */ 
....................  const LCD_PIN_MAP LCD_OUTPUT_MAP =  {0,  0,    0,    0,       0}; 
....................  const LCD_PIN_MAP LCD_INPUT_MAP =   {0,  0,    0,    0,       0xF}; 
.................... #endif 
....................  
.................... ////////////////////// END CONFIGURATION /////////////////////////////////// 
....................  
.................... #ifndef LCD_ENABLE_PIN 
....................    #define lcd_output_enable(x) lcdlat.enable=x 
....................    #define lcd_enable_tris()   lcdtris.enable=0 
.................... #else 
....................    #define lcd_output_enable(x) output_bit(LCD_ENABLE_PIN, x) 
....................    #define lcd_enable_tris()  output_drive(LCD_ENABLE_PIN) 
.................... #endif 
....................  
.................... #ifndef LCD_RS_PIN 
....................    #define lcd_output_rs(x) lcdlat.rs=x 
....................    #define lcd_rs_tris()   lcdtris.rs=0 
.................... #else 
....................    #define lcd_output_rs(x) output_bit(LCD_RS_PIN, x) 
....................    #define lcd_rs_tris()  output_drive(LCD_RS_PIN) 
.................... #endif 
....................  
.................... #ifndef LCD_RW_PIN 
....................    #define lcd_output_rw(x) lcdlat.rw=x 
....................    #define lcd_rw_tris()   lcdtris.rw=0 
.................... #else 
....................    #define lcd_output_rw(x) output_bit(LCD_RW_PIN, x) 
....................    #define lcd_rw_tris()  output_drive(LCD_RW_PIN) 
.................... #endif 
....................  
.................... // original version of this library incorrectly labeled LCD_DATA0 as LCD_DATA4, 
.................... // LCD_DATA1 as LCD_DATA5, and so on.  this block of code makes the driver 
.................... // compatible with any code written for the original library 
.................... #if (defined(LCD_DATA0) && defined(LCD_DATA1) && defined(LCD_DATA2) && defined(LCD_DATA3) && !defined(LCD_DATA4) && !defined(LCD_DATA5) && !defined(LCD_DATA6) && !defined(LCD_DATA7)) 
....................    #define  LCD_DATA4    LCD_DATA0 
....................    #define  LCD_DATA5    LCD_DATA1 
....................    #define  LCD_DATA6    LCD_DATA2 
....................    #define  LCD_DATA7    LCD_DATA3 
.................... #endif 
....................  
.................... #ifndef LCD_DATA4 
.................... #ifndef LCD_DATA_PORT 
....................    #if defined(__PCB__) 
....................       #define LCD_DATA_PORT      0x06     //portb 
....................       #define set_tris_lcd(x)   set_tris_b(x) 
....................    #else 
....................      #if defined(PIN_D0) 
....................       #define LCD_DATA_PORT      getenv("SFR:PORTD")     //portd 
....................      #else 
....................       #define LCD_DATA_PORT      getenv("SFR:PORTB")     //portb 
....................      #endif 
....................    #endif    
.................... #endif 
....................  
.................... #if defined(__PCB__) 
....................    LCD_PIN_MAP lcd, lcdlat; 
....................    #byte lcd = LCD_DATA_PORT 
....................    #byte lcdlat = LCD_DATA_PORT 
.................... #elif defined(__PCM__) 
....................    LCD_PIN_MAP lcd, lcdlat, lcdtris; 
....................    #byte lcd = LCD_DATA_PORT 
....................    #byte lcdlat = LCD_DATA_PORT 
....................    #byte lcdtris = LCD_DATA_PORT+0x80 
.................... #elif defined(__PCH__) 
....................    LCD_PIN_MAP lcd, lcdlat, lcdtris; 
....................    #byte lcd = LCD_DATA_PORT 
....................    #byte lcdlat = LCD_DATA_PORT+9 
....................    #byte lcdtris = LCD_DATA_PORT+0x12 
.................... #elif defined(__PCD__) 
....................    LCD_PIN_MAP lcd, lcdlat, lcdtris; 
....................    #word lcd = LCD_DATA_PORT 
....................    #word lcdlat = LCD_DATA_PORT+2 
....................    #word lcdtris = LCD_DATA_PORT-0x02 
.................... #endif 
.................... #endif   //LCD_DATA4 not defined 
....................  
.................... #ifndef LCD_TYPE 
....................    #define LCD_TYPE 2           // 0=5x7, 1=5x10, 2=2 lines 
.................... #endif 
....................  
.................... #ifndef LCD_LINE_TWO 
....................    #define LCD_LINE_TWO 0x40    // LCD RAM address for the second line 
.................... #endif 
....................  
.................... #ifndef LCD_LINE_LENGTH 
....................    #define LCD_LINE_LENGTH 20 
.................... #endif 
....................  
.................... unsigned int8 lcd_read_nibble(void); 
....................  
.................... unsigned int8 lcd_read_byte(void) 
.................... { 
....................    unsigned int8 low,high; 
....................  
....................  #if defined(__PCB__) 
....................    set_tris_lcd(LCD_INPUT_MAP); 
....................  #else 
....................   #if (defined(LCD_DATA4) && defined(LCD_DATA5) && defined(LCD_DATA6) && defined(LCD_DATA7)) 
....................    output_float(LCD_DATA4); 
....................    output_float(LCD_DATA5); 
....................    output_float(LCD_DATA6); 
....................    output_float(LCD_DATA7); 
....................   #else 
....................    lcdtris.data = 0xF; 
*
0057:  MOVLW  0F
0058:  BSF    03.5
0059:  ANDWF  08,W
005A:  IORLW  F0
005B:  MOVWF  08
....................   #endif 
....................  #endif 
....................          
....................    lcd_output_rw(1); 
005C:  BCF    03.5
005D:  BSF    08.2
....................    delay_cycles(1); 
005E:  NOP
....................    lcd_output_enable(1); 
005F:  BSF    08.0
....................    delay_cycles(1); 
0060:  NOP
....................    high = lcd_read_nibble(); 
*
0066:  MOVF   78,W
0067:  MOVWF  47
....................        
....................    lcd_output_enable(0); 
0068:  BCF    08.0
....................    delay_cycles(1); 
0069:  NOP
....................    lcd_output_enable(1); 
006A:  BSF    08.0
....................    delay_us(1); 
006B:  NOP
....................    low = lcd_read_nibble(); 
*
0071:  MOVF   78,W
0072:  MOVWF  46
....................        
....................    lcd_output_enable(0); 
0073:  BCF    08.0
....................  
....................  #if defined(__PCB__) 
....................    set_tris_lcd(LCD_OUTPUT_MAP); 
....................  #else 
....................   #if (defined(LCD_DATA4) && defined(LCD_DATA5) && defined(LCD_DATA6) && defined(LCD_DATA7)) 
....................    output_drive(LCD_DATA4); 
....................    output_drive(LCD_DATA5); 
....................    output_drive(LCD_DATA6); 
....................    output_drive(LCD_DATA7); 
....................   #else 
....................    lcdtris.data = 0x0; 
0074:  MOVLW  0F
0075:  BSF    03.5
0076:  ANDWF  08,W
0077:  MOVWF  08
....................   #endif 
....................  #endif 
....................  
....................    return( (high<<4) | low); 
0078:  BCF    03.5
0079:  SWAPF  47,W
007A:  MOVWF  77
007B:  MOVLW  F0
007C:  ANDWF  77,F
007D:  MOVF   77,W
007E:  IORWF  46,W
007F:  MOVWF  78
.................... } 
....................  
.................... unsigned int8 lcd_read_nibble(void) 
.................... { 
....................   #if (defined(LCD_DATA4) && defined(LCD_DATA5) && defined(LCD_DATA6) && defined(LCD_DATA7)) 
....................    unsigned int8 n = 0x00; 
....................  
....................    /* Read the data port */ 
....................    n |= input(LCD_DATA4); 
....................    n |= input(LCD_DATA5) << 1; 
....................    n |= input(LCD_DATA6) << 2; 
....................    n |= input(LCD_DATA7) << 3; 
....................     
....................    return(n); 
....................   #else 
....................    return(lcd.data); 
*
0061:  MOVF   08,W
0062:  MOVWF  77
0063:  SWAPF  08,W
0064:  ANDLW  0F
0065:  MOVWF  78
*
006C:  MOVF   08,W
006D:  MOVWF  77
006E:  SWAPF  08,W
006F:  ANDLW  0F
0070:  MOVWF  78
....................   #endif 
.................... } 
....................  
.................... void lcd_send_nibble(unsigned int8 n) 
.................... { 
....................   #if (defined(LCD_DATA4) && defined(LCD_DATA5) && defined(LCD_DATA6) && defined(LCD_DATA7)) 
....................    /* Write to the data port */ 
....................    output_bit(LCD_DATA4, bit_test(n, 0)); 
....................    output_bit(LCD_DATA5, bit_test(n, 1)); 
....................    output_bit(LCD_DATA6, bit_test(n, 2)); 
....................    output_bit(LCD_DATA7, bit_test(n, 3)); 
....................   #else       
....................    lcdlat.data = n; 
*
0092:  SWAPF  47,W
0093:  ANDLW  F0
0094:  MOVWF  77
0095:  MOVLW  0F
0096:  ANDWF  08,W
0097:  IORWF  77,W
0098:  MOVWF  08
*
00A2:  SWAPF  47,W
00A3:  ANDLW  F0
00A4:  MOVWF  77
00A5:  MOVLW  0F
00A6:  ANDWF  08,W
00A7:  IORWF  77,W
00A8:  MOVWF  08
*
01A8:  SWAPF  47,W
01A9:  ANDLW  F0
01AA:  MOVWF  77
01AB:  MOVLW  0F
01AC:  ANDWF  08,W
01AD:  IORWF  77,W
01AE:  MOVWF  08
*
01C0:  SWAPF  47,W
01C1:  ANDLW  F0
01C2:  MOVWF  77
01C3:  MOVLW  0F
01C4:  ANDWF  08,W
01C5:  IORWF  77,W
01C6:  MOVWF  08
....................   #endif 
....................        
....................    delay_cycles(1); 
*
0099:  NOP
*
00A9:  NOP
*
01AF:  NOP
*
01C7:  NOP
....................    lcd_output_enable(1); 
*
009A:  BSF    08.0
*
00AA:  BSF    08.0
*
01B0:  BSF    08.0
*
01C8:  BSF    08.0
....................    delay_us(2); 
*
009B:  GOTO   09C
*
00AB:  GOTO   0AC
*
01B1:  GOTO   1B2
*
01C9:  GOTO   1CA
....................    lcd_output_enable(0); 
*
009C:  BCF    08.0
*
00AC:  BCF    08.0
*
01B2:  BCF    08.0
01B3:  CLRF   2B
01B4:  BTFSC  0B.7
01B5:  BSF    2B.7
01B6:  BCF    0B.7
*
01CA:  BCF    08.0
01CB:  CLRF   2B
01CC:  BTFSC  0B.7
01CD:  BSF    2B.7
01CE:  BCF    0B.7
.................... } 
....................  
.................... void lcd_send_byte(unsigned int8 address, unsigned int8 n) 
.................... { 
....................   #if defined(__PCB__) 
....................    set_tris_lcd(LCD_OUTPUT_MAP); 
....................   #else 
....................    lcd_enable_tris(); 
*
0051:  BSF    03.5
0052:  BCF    08.0
....................    lcd_rs_tris(); 
0053:  BCF    08.1
....................    lcd_rw_tris(); 
0054:  BCF    08.2
....................   #endif 
....................  
....................    lcd_output_rs(0); 
0055:  BCF    03.5
0056:  BCF    08.1
....................    while ( bit_test(lcd_read_byte(),7) ) ; 
*
0080:  MOVF   78,W
0081:  MOVWF  46
0082:  BTFSC  46.7
0083:  GOTO   057
....................    lcd_output_rs(address); 
0084:  BTFSS  44.0
0085:  BCF    08.1
0086:  BTFSC  44.0
0087:  BSF    08.1
....................    delay_cycles(1); 
0088:  NOP
....................    lcd_output_rw(0); 
0089:  BCF    08.2
....................    delay_cycles(1); 
008A:  NOP
....................    lcd_output_enable(0); 
008B:  BCF    08.0
....................    lcd_send_nibble(n >> 4); 
008C:  SWAPF  45,W
008D:  MOVWF  46
008E:  MOVLW  0F
008F:  ANDWF  46,F
0090:  MOVF   46,W
0091:  MOVWF  47
....................    lcd_send_nibble(n & 0xf); 
*
009D:  MOVF   45,W
009E:  ANDLW  0F
009F:  MOVWF  46
00A0:  MOVF   46,W
00A1:  MOVWF  47
*
00AD:  RETURN
.................... } 
....................  
.................... #if defined(LCD_EXTENDED_NEWLINE) 
.................... unsigned int8 g_LcdX, g_LcdY; 
.................... #endif 
....................  
.................... void lcd_init(void)  
.................... { 
....................    unsigned int8 i; 
....................    unsigned int8 LCD_INIT_STRING[4] = {0x20 | (LCD_TYPE << 2), 0xc, 1, 6}; 
*
0184:  MOVLW  28
0185:  MOVWF  30
0186:  MOVLW  0C
0187:  MOVWF  31
0188:  MOVLW  01
0189:  MOVWF  32
018A:  MOVLW  06
018B:  MOVWF  33
....................                              // These bytes need to be sent to the LCD 
....................                              // to start it up. 
....................     
....................  
....................    lcd_output_enable(0); 
018C:  BCF    08.0
....................    lcd_output_rs(0); 
018D:  BCF    08.1
....................    lcd_output_rw(0); 
018E:  BCF    08.2
....................  
....................  #if defined(__PCB__) 
....................    set_tris_lcd(LCD_OUTPUT_MAP); 
....................  #else 
....................   #if (defined(LCD_DATA4) && defined(LCD_DATA5) && defined(LCD_DATA6) && defined(LCD_DATA7)) 
....................    output_drive(LCD_DATA4); 
....................    output_drive(LCD_DATA5); 
....................    output_drive(LCD_DATA6); 
....................    output_drive(LCD_DATA7); 
....................   #else 
....................    lcdtris.data = 0x0; 
018F:  MOVLW  0F
0190:  BSF    03.5
0191:  ANDWF  08,W
0192:  MOVWF  08
....................   #endif 
....................    lcd_enable_tris(); 
0193:  BCF    08.0
....................    lcd_rs_tris(); 
0194:  BCF    08.1
....................    lcd_rw_tris(); 
0195:  BCF    08.2
0196:  BCF    03.5
0197:  CLRF   2B
0198:  BTFSC  0B.7
0199:  BSF    2B.7
019A:  BCF    0B.7
....................  #endif 
....................      
....................    delay_ms(15); 
019B:  MOVLW  0F
019C:  MOVWF  40
019D:  CALL   0C0
019E:  BTFSC  2B.7
019F:  BSF    0B.7
....................    for(i=1;i<=3;++i) 
01A0:  MOVLW  01
01A1:  MOVWF  2F
01A2:  MOVF   2F,W
01A3:  SUBLW  03
01A4:  BTFSS  03.0
01A5:  GOTO   1BE
....................    { 
....................        lcd_send_nibble(3); 
01A6:  MOVLW  03
01A7:  MOVWF  47
....................        delay_ms(5); 
*
01B7:  MOVLW  05
01B8:  MOVWF  40
01B9:  CALL   0C0
01BA:  BTFSC  2B.7
01BB:  BSF    0B.7
01BC:  INCF   2F,F
01BD:  GOTO   1A2
....................    } 
....................     
....................    lcd_send_nibble(2); 
01BE:  MOVLW  02
01BF:  MOVWF  47
....................    delay_ms(5); 
*
01CF:  MOVLW  05
01D0:  MOVWF  40
01D1:  CALL   0C0
01D2:  BTFSC  2B.7
01D3:  BSF    0B.7
....................    for(i=0;i<=3;++i) 
01D4:  CLRF   2F
01D5:  MOVF   2F,W
01D6:  SUBLW  03
01D7:  BTFSS  03.0
01D8:  GOTO   1EB
....................       lcd_send_byte(0,LCD_INIT_STRING[i]); 
01D9:  MOVLW  30
01DA:  ADDWF  2F,W
01DB:  MOVWF  04
01DC:  BCF    03.7
01DD:  MOVF   00,W
01DE:  MOVWF  34
01DF:  CLRF   2B
01E0:  BTFSC  0B.7
01E1:  BSF    2B.7
01E2:  BCF    0B.7
01E3:  CLRF   44
01E4:  MOVF   34,W
01E5:  MOVWF  45
01E6:  CALL   051
01E7:  BTFSC  2B.7
01E8:  BSF    0B.7
....................  
....................   #if defined(LCD_EXTENDED_NEWLINE) 
01E9:  INCF   2F,F
01EA:  GOTO   1D5
01EB:  BCF    0A.3
01EC:  BCF    0A.4
01ED:  GOTO   212 (RETURN)
....................    g_LcdX = 0; 
....................    g_LcdY = 0; 
....................   #endif 
.................... } 
....................  
.................... void lcd_gotoxy(unsigned int8 x, unsigned int8 y) 
.................... { 
....................    unsigned int8 address; 
....................     
....................    if(y!=1) 
*
00AE:  DECFSZ 41,W
00AF:  GOTO   0B1
00B0:  GOTO   0B4
....................       address=LCD_LINE_TWO; 
00B1:  MOVLW  40
00B2:  MOVWF  42
00B3:  GOTO   0B5
....................    else 
....................       address=0; 
00B4:  CLRF   42
....................       
....................    address+=x-1; 
00B5:  MOVLW  01
00B6:  SUBWF  40,W
00B7:  ADDWF  42,F
....................    lcd_send_byte(0,0x80|address); 
00B8:  MOVF   42,W
00B9:  IORLW  80
00BA:  MOVWF  43
00BB:  CLRF   44
00BC:  MOVF   43,W
00BD:  MOVWF  45
00BE:  CALL   051
....................  
....................   #if defined(LCD_EXTENDED_NEWLINE) 
00BF:  RETURN
....................    g_LcdX = x - 1; 
....................    g_LcdY = y - 1; 
....................   #endif 
.................... } 
....................  
.................... void lcd_putc(char c) 
.................... { 
....................    switch (c) 
*
00D5:  MOVF   3F,W
00D6:  XORLW  07
00D7:  BTFSC  03.2
00D8:  GOTO   0E3
00D9:  XORLW  0B
00DA:  BTFSC  03.2
00DB:  GOTO   0E8
00DC:  XORLW  06
00DD:  BTFSC  03.2
00DE:  GOTO   0F0
00DF:  XORLW  02
00E0:  BTFSC  03.2
00E1:  GOTO   0F6
00E2:  GOTO   0FB
....................    { 
....................       case '\a'   :  lcd_gotoxy(1,1);     break; 
00E3:  MOVLW  01
00E4:  MOVWF  40
00E5:  MOVWF  41
00E6:  CALL   0AE
00E7:  GOTO   100
....................  
....................       case '\f'   :  lcd_send_byte(0,1); 
00E8:  CLRF   44
00E9:  MOVLW  01
00EA:  MOVWF  45
00EB:  CALL   051
....................                      delay_ms(2); 
00EC:  MOVLW  02
00ED:  MOVWF  40
00EE:  CALL   0C0
....................                     #if defined(LCD_EXTENDED_NEWLINE) 
....................                      g_LcdX = 0; 
....................                      g_LcdY = 0; 
....................                     #endif 
....................                      break; 
00EF:  GOTO   100
....................  
....................      #if defined(LCD_EXTENDED_NEWLINE) 
....................       case '\r'   :  lcd_gotoxy(1, g_LcdY+1);   break; 
....................       case '\n'   : 
....................          while (g_LcdX++ < LCD_LINE_LENGTH) 
....................          { 
....................             lcd_send_byte(1, ' '); 
....................          } 
....................          lcd_gotoxy(1, g_LcdY+2); 
....................          break; 
....................      #else 
....................       case '\n'   : lcd_gotoxy(1,2);        break; 
00F0:  MOVLW  01
00F1:  MOVWF  40
00F2:  MOVLW  02
00F3:  MOVWF  41
00F4:  CALL   0AE
00F5:  GOTO   100
....................      #endif 
....................       
....................       case '\b'   : lcd_send_byte(0,0x10);  break; 
00F6:  CLRF   44
00F7:  MOVLW  10
00F8:  MOVWF  45
00F9:  CALL   051
00FA:  GOTO   100
....................       
....................      #if defined(LCD_EXTENDED_NEWLINE) 
....................       default     :  
....................          if (g_LcdX < LCD_LINE_LENGTH) 
....................          { 
....................             lcd_send_byte(1, c); 
....................             g_LcdX++; 
....................          } 
....................          break; 
....................      #else 
....................       default     : lcd_send_byte(1,c);     break; 
00FB:  MOVLW  01
00FC:  MOVWF  44
00FD:  MOVF   3F,W
00FE:  MOVWF  45
00FF:  CALL   051
....................      #endif 
....................    } 
0100:  RETURN
.................... } 
....................   
.................... char lcd_getc(unsigned int8 x, unsigned int8 y) 
.................... { 
....................    char value; 
....................  
....................    lcd_gotoxy(x,y); 
....................    while ( bit_test(lcd_read_byte(),7) ); // wait until busy flag is low 
....................    lcd_output_rs(1); 
....................    value = lcd_read_byte(); 
....................    lcd_output_rs(0); 
....................     
....................    return(value); 
.................... } 
....................  
.................... // write a custom character to the ram 
.................... // which is 0-7 and specifies which character array we are modifying. 
.................... // ptr points to an array of 8 bytes, where each byte is the next row of 
.................... //    pixels.  only bits 0-4 are used.  the last row is the cursor row, and 
.................... //    usually you will want to leave this byte 0x00. 
.................... void lcd_set_cgram_char(unsigned int8 which, unsigned int8 *ptr) 
.................... { 
....................    unsigned int i; 
....................  
....................    which <<= 3; 
....................    which &= 0x38; 
....................  
....................    lcd_send_byte(0, 0x40 | which);  //set cgram address 
....................  
....................    for(i=0; i<8; i++) 
....................    { 
....................       lcd_send_byte(1, *ptr++); 
....................    } 
....................    
....................    #if defined(LCD_EXTENDED_NEWLINE) 
....................     lcd_gotoxy(g_LcdX+1, g_LcdY+1);  //set ddram address 
....................    #endif 
.................... } 
....................  
.................... void lcd_cursor_on(int1 on) 
.................... { 
....................    if (on) 
....................    { 
....................       lcd_send_byte(0,0x0F);           //turn LCD cursor ON 
....................    } 
....................    else 
....................    { 
....................       lcd_send_byte(0,0x0C);           //turn LCD cursor OFF 
....................    } 
.................... } 
....................  
.................... #endif 
....................  
....................  
....................  
.................... char valor; 
.................... int i=0; //Posicion del dato recibido a mostrar en el LCD 
.................... int ban=0; //Bandera que indica que llego un dato 
....................  
.................... //Define la interrupción por recepción Serial 
.................... #int_RDA 
.................... RDA_isr() 
.................... { 
....................   valor=getc(); //Captura el dato recibido del PIC 1 
*
0157:  BTFSS  0C.5
0158:  GOTO   157
0159:  MOVF   1A,W
015A:  MOVWF  2C
....................   ban=1; //Indica que llego un dato 
015B:  MOVLW  01
015C:  MOVWF  2E
....................   i=i+1; //Incrementa en 1 la posicion del LCD 
015D:  ADDWF  2D,F
....................   if(i>16) 
015E:  MOVF   2D,W
015F:  SUBLW  10
0160:  BTFSC  03.0
0161:  GOTO   175
....................   { 
....................    i=0; 
0162:  CLRF   2D
....................    LCD_PUTC("\f");   //Borrar el contenido del LCD 
0163:  MOVLW  79
0164:  BSF    03.6
0165:  MOVWF  0D
0166:  MOVLW  01
0167:  MOVWF  0F
0168:  BCF    03.6
0169:  CALL   101
....................    lcd_gotoxy(1,1); 
016A:  MOVLW  01
016B:  MOVWF  40
016C:  MOVWF  41
016D:  CALL   0AE
....................    lcd_putc("Recibido="); 
016E:  MOVLW  7A
016F:  BSF    03.6
0170:  MOVWF  0D
0171:  MOVLW  01
0172:  MOVWF  0F
0173:  BCF    03.6
0174:  CALL   101
....................   } 
0175:  BCF    0C.5
0176:  BCF    0A.3
0177:  BCF    0A.4
0178:  GOTO   02D
.................... } 
....................  
.................... void main() 
*
01EE:  MOVF   03,W
01EF:  ANDLW  1F
01F0:  MOVWF  03
01F1:  BSF    03.5
01F2:  BSF    03.6
01F3:  BSF    07.3
01F4:  MOVLW  10
01F5:  BCF    03.6
01F6:  MOVWF  19
01F7:  MOVLW  00
01F8:  MOVWF  1A
01F9:  MOVLW  A6
01FA:  MOVWF  18
01FB:  MOVLW  90
01FC:  BCF    03.5
01FD:  MOVWF  18
01FE:  CLRF   2D
01FF:  CLRF   2E
0200:  BSF    03.5
0201:  BSF    03.6
0202:  MOVF   09,W
0203:  ANDLW  C0
0204:  MOVWF  09
0205:  BCF    03.6
0206:  BCF    1F.4
0207:  BCF    1F.5
0208:  MOVLW  00
0209:  BSF    03.6
020A:  MOVWF  08
020B:  BCF    03.5
020C:  CLRF   07
020D:  CLRF   08
020E:  CLRF   09
020F:  BCF    03.7
.................... { 
....................  lcd_init();   //Inicializa el LCD 
0210:  BCF    03.6
0211:  GOTO   184
....................  enable_interrupts(INT_RDA); //HAbilita interrupcion por puerto serial 
0212:  BSF    03.5
0213:  BSF    0C.5
....................  enable_interrupts(GLOBAL);  // Habilita las interrupcciones globales 
0214:  MOVLW  C0
0215:  BCF    03.5
0216:  IORWF  0B,F
0217:  CLRF   2B
0218:  BTFSC  0B.7
0219:  BSF    2B.7
021A:  BCF    0B.7
....................  lcd_gotoxy(1,1); 
021B:  MOVLW  01
021C:  MOVWF  40
021D:  MOVWF  41
021E:  CALL   0AE
021F:  BTFSC  2B.7
0220:  BSF    0B.7
....................  lcd_putc("Recibido="); 
0221:  MOVLW  7F
0222:  BSF    03.6
0223:  MOVWF  0D
0224:  MOVLW  01
0225:  MOVWF  0F
0226:  BCF    03.6
0227:  CLRF   2B
0228:  BTFSC  0B.7
0229:  BSF    2B.7
022A:  BCF    0B.7
022B:  CALL   101
022C:  BTFSC  2B.7
022D:  BSF    0B.7
....................  for(;;) 
....................  { 
....................   if(ban==1) //Hay datos para mostrar 
022E:  DECFSZ 2E,W
022F:  GOTO   245
0230:  CLRF   2B
0231:  BTFSC  0B.7
0232:  BSF    2B.7
0233:  BCF    0B.7
....................   { 
....................    lcd_gotoxy(i,2); 
0234:  MOVF   2D,W
0235:  MOVWF  40
0236:  MOVLW  02
0237:  MOVWF  41
0238:  CALL   0AE
0239:  BTFSC  2B.7
023A:  BSF    0B.7
023B:  CLRF   2B
023C:  BTFSC  0B.7
023D:  BSF    2B.7
023E:  BCF    0B.7
....................    printf(lcd_putc,"%c",valor); 
023F:  MOVF   2C,W
0240:  MOVWF  3F
0241:  CALL   0D5
0242:  BTFSC  2B.7
0243:  BSF    0B.7
....................    ban=0; //Sale de la impresion del LCD 
0244:  CLRF   2E
....................   } 
0245:  GOTO   22E
....................  } 
.................... } 
0246:  SLEEP

Configuration Fuses:
   Word  1: 2FE1   XT NOWDT PUT MCLR NOPROTECT NOCPD BROWNOUT IESO FCMEN NOLVP NODEBUG
   Word  2: 3FFF   BORV40 NOWRT
