
ROM used:   1502/32768 (5%)
            1502/32768 (5%) including unused fragments

            1.7 Average locations per line
            46.9 Average locations per statement

RAM used:   16/2048 (1%) at main() level
            64/2048 (3%) worst case

Stack used: 0 worst case (0 in main + 0 for interrupts)
Stack size: 31

Lines Stmts  %   Files
----- ----- ---  -----
   66    32 100  main.c
   14     0   0  main.h
  789     0   0  ..\..\..\..\..\..\Program Files (x86)\PICC\Devices\18F2550.h
----- -----
  869    32 Total

Page ROM  %  RAM    Vol Diff  Functions:
---- --- --- ---    --- ----  ----------
0     42   1    1             @delay_ms1
0     26   1    0             @const658
0     20   1    0             @const661
0     50   2    4    192  4.3  muestra
0    266   9   32    805  6.8  convertirdato
0     56   2    4             @SFTOI
0    244   8   11             @MULFF
0     56   2    2             @ITOF
0    620  21   16             @ADDFF
0     40   1    3             @DIV88
0     78   3    4    160  2.7  MAIN
 Inline         0             @cinit1

Program metrics:
    Functions               3
    Statements              32
    Comments                149
    Volume (V)              1449
    Difficulty (D)          12.8
    Effort to implement (E) 18558
    Time to implement (T)   17 minutes
    Est Delivered Bugs (B)  0
    Cyclomatic Complexity   1
    Maintainability (MI)    51

 Segment     Used  Free
-----------  ----  ----
00000-00002     4  0  
00004-07FFE  1498  31266  



